<?xml version="1.0" encoding="UTF-8"?>
<testng-results skipped="0" failed="0" ignored="0" total="2" passed="2">
  <reporter-output>
  </reporter-output>
  <suite name="Default suite" duration-ms="22467" started-at="2021-01-08T19:30:49Z" finished-at="2021-01-08T19:31:12Z">
    <groups>
    </groups>
    <test name="Default test" duration-ms="22467" started-at="2021-01-08T19:30:49Z" finished-at="2021-01-08T19:31:12Z">
      <class name="com.DemoApp.test.HomePageTest">
        <test-method status="PASS" signature="setup()[pri:0, instance:com.DemoApp.test.HomePageTest@6d2a209c]" name="setup" is-config="true" duration-ms="8496" started-at="2021-01-08T19:30:49Z" finished-at="2021-01-08T19:30:58Z">
          <reporter-output>
          </reporter-output>
        </test-method> <!-- setup -->
        <test-method status="PASS" signature="verifyHomePageTitle()[pri:1, instance:com.DemoApp.test.HomePageTest@6d2a209c]" name="verifyHomePageTitle" duration-ms="2154" started-at="2021-01-08T19:30:58Z" finished-at="2021-01-08T19:31:00Z">
          <reporter-output>
          </reporter-output>
        </test-method> <!-- verifyHomePageTitle -->
        <test-method status="PASS" signature="tearDown()[pri:0, instance:com.DemoApp.test.HomePageTest@6d2a209c]" name="tearDown" is-config="true" duration-ms="1266" started-at="2021-01-08T19:31:00Z" finished-at="2021-01-08T19:31:01Z">
          <reporter-output>
          </reporter-output>
        </test-method> <!-- tearDown -->
        <test-method status="PASS" signature="setup()[pri:0, instance:com.DemoApp.test.HomePageTest@6d2a209c]" name="setup" is-config="true" duration-ms="7347" started-at="2021-01-08T19:31:01Z" finished-at="2021-01-08T19:31:09Z">
          <reporter-output>
          </reporter-output>
        </test-method> <!-- setup -->
        <test-method status="PASS" signature="verifywhoislogged()[pri:2, instance:com.DemoApp.test.HomePageTest@6d2a209c]" name="verifywhoislogged" duration-ms="1872" started-at="2021-01-08T19:31:09Z" finished-at="2021-01-08T19:31:10Z">
          <reporter-output>
          </reporter-output>
        </test-method> <!-- verifywhoislogged -->
        <test-method status="PASS" signature="tearDown()[pri:0, instance:com.DemoApp.test.HomePageTest@6d2a209c]" name="tearDown" is-config="true" duration-ms="1258" started-at="2021-01-08T19:31:10Z" finished-at="2021-01-08T19:31:12Z">
          <reporter-output>
          </reporter-output>
        </test-method> <!-- tearDown -->
      </class> <!-- com.DemoApp.test.HomePageTest -->
    </test> <!-- Default test -->
  </suite> <!-- Default suite -->
</testng-results>
